<?xml version="1.0" encoding="UTF-8"?>
<testsuite xmlns:xsi="http://www.w3.org/2001/XMLSchema-instance" xsi:noNamespaceSchemaLocation="https://maven.apache.org/surefire/maven-surefire-plugin/xsd/surefire-test-report.xsd" version="3.0.1" name="edu.eci.cvds.tdd.library.LibraryTest" time="0.197" tests="20" errors="0" skipped="0" failures="0">
  <properties>
[...]
</properties>
  <testcase name="returnLoan_ChangeState_True" classname="edu.eci.cvds.tdd.library.LibraryTest" time="0.059"/>
  <testcase name="notRepeatedLoans_UserRepeatLoan_false" classname="edu.eci.cvds.tdd.library.LibraryTest" time="0.005"/>
  <testcase name="returnLoan_loanNotExist_Null" classname="edu.eci.cvds.tdd.library.LibraryTest" time="0.004"/>
  <testcase name="returnLoan_CanLoanReturned_NotNull" classname="edu.eci.cvds.tdd.library.LibraryTest" time="0.005"/>
  <testcase name="loanABook_IncreaseQuantity_true" classname="edu.eci.cvds.tdd.library.LibraryTest" time="0.004"/>
  <testcase name="addBook_bookAdded_True" classname="edu.eci.cvds.tdd.library.LibraryTest" time="0.002"/>
  <testcase name="checkBook_BookAtStore_NotNull" classname="edu.eci.cvds.tdd.library.LibraryTest" time="0.001"/>
  <testcase name="checkUser_RegisteredUser_NotNull" classname="edu.eci.cvds.tdd.library.LibraryTest" time="0.002"/>
  <testcase name="addBook_StorageSize_Increase1" classname="edu.eci.cvds.tdd.library.LibraryTest" time="0.003"/>
  <testcase name="notRepeatedLoans_UserRepeatLoan_true" classname="edu.eci.cvds.tdd.library.LibraryTest" time="0.001"/>
  <testcase name="returnLoan_ChngeState_False" classname="edu.eci.cvds.tdd.library.LibraryTest" time="0.002"/>
  <testcase name="loanABook_UserCantRepeatedLoanBook_Null" classname="edu.eci.cvds.tdd.library.LibraryTest" time="0.002"/>
  <testcase name="addBook_StorageForBook_Increase1" classname="edu.eci.cvds.tdd.library.LibraryTest" time="0.002"/>
  <testcase name="returnLoan_IncreaseQuantity_true" classname="edu.eci.cvds.tdd.library.LibraryTest" time="0.001"/>
  <testcase name="checkBook_BookNotAtStore_Null" classname="edu.eci.cvds.tdd.library.LibraryTest" time="0.001"/>
  <testcase name="returnLoan_ChangeState_False" classname="edu.eci.cvds.tdd.library.LibraryTest" time="0.001"/>
  <testcase name="loanABook_UserCanLoanBook_Null" classname="edu.eci.cvds.tdd.library.LibraryTest" time="0.002"/>
  <testcase name="addBook_IncreaseSavedBook_Increase1" classname="edu.eci.cvds.tdd.library.LibraryTest" time="0.002"/>
  <testcase name="loanABook_UserCanLoanBook_NotNull" classname="edu.eci.cvds.tdd.library.LibraryTest" time="0.001"/>
  <testcase name="checkUser_RegisteredUser_Null" classname="edu.eci.cvds.tdd.library.LibraryTest" time="0.002"/>
</testsuite>